<?xml version="1.0" encoding="UTF-8"?>
<testng-results ignored="0" total="2" passed="2" failed="0" skipped="0">
  <reporter-output>
  </reporter-output>
  <suite started-at="2022-08-13T14:33:47 PKT" name="Default suite" finished-at="2022-08-13T14:34:17 PKT" duration-ms="29959">
    <groups>
    </groups>
    <test started-at="2022-08-13T14:33:47 PKT" name="Default test" finished-at="2022-08-13T14:34:17 PKT" duration-ms="29959">
      <class name="Test.GoogleSearch_Test">
        <test-method is-config="true" signature="setup()[pri:0, instance:Test.GoogleSearch_Test@a2431d0]" started-at="2022-08-13T14:33:47 PKT" name="setup" finished-at="2022-08-13T14:34:03 PKT" duration-ms="15916" status="PASS">
          <reporter-output>
          </reporter-output>
        </test-method> <!-- setup -->
        <test-method signature="DarkTheme()[pri:0, instance:Test.GoogleSearch_Test@a2431d0]" started-at="2022-08-13T14:34:03 PKT" name="DarkTheme" finished-at="2022-08-13T14:34:09 PKT" duration-ms="5636" status="PASS">
          <reporter-output>
          </reporter-output>
        </test-method> <!-- DarkTheme -->
        <test-method signature="GoogleSearch()[pri:0, instance:Test.GoogleSearch_Test@a2431d0]" started-at="2022-08-13T14:34:09 PKT" name="GoogleSearch" finished-at="2022-08-13T14:34:15 PKT" duration-ms="5682" status="PASS">
          <reporter-output>
          </reporter-output>
        </test-method> <!-- GoogleSearch -->
        <test-method is-config="true" signature="CloseDriver()[pri:0, instance:Test.GoogleSearch_Test@a2431d0]" started-at="2022-08-13T14:34:15 PKT" name="CloseDriver" finished-at="2022-08-13T14:34:17 PKT" duration-ms="2647" status="PASS">
          <reporter-output>
          </reporter-output>
        </test-method> <!-- CloseDriver -->
      </class> <!-- Test.GoogleSearch_Test -->
    </test> <!-- Default test -->
  </suite> <!-- Default suite -->
</testng-results>
